Arguments: 
  C:\Program Files\nodejs\node.exe C:\Users\User\AppData\Roaming\npm\node_modules\yarn\bin\yarn.js add normalize.css

PATH: 
  C:\gMate_project\node_modules\.bin;C:\Program Files (x86)\Common Files\Oracle\Java\javapath;C:\ProgramData\Oracle\Java\javapath;C:\Windows\system32;C:\Windows;C:\Windows\System32\Wbem;C:\Windows\System32\WindowsPowerShell\v1.0\;C:\Windows\System32\OpenSSH\;C:\Program Files\NVIDIA Corporation\NVIDIA NvDLISR;C:\Program Files (x86)\NVIDIA Corporation\PhysX\Common;C:\Program Files\nodejs\;C:\composer;C:\Program Files\dotnet\;C:\Program Files\Microsoft SQL Server\Client SDK\ODBC\170\Tools\Binn\;C:\Program Files (x86)\Microsoft SQL Server\150\Tools\Binn\;C:\Program Files\Microsoft SQL Server\150\Tools\Binn\;C:\Program Files\Microsoft SQL Server\150\DTS\Binn\;C:\Program Files (x86)\Microsoft SQL Server\150\DTS\Binn\;C:\Program Files\Azure Data Studio\bin;C:\Program Files\Microsoft SQL Server\130\Tools\Binn\;C:\Program Files\Git\cmd;C:\ProgramData\chocolatey\bin;C:\Users\User\AppData\Roaming\npm;C:\Users\User\AppData\Local\Programs\Microsoft VS Code\bin;C:\Users\User\AppData\Roaming\Composer\vendor\bin;C:\Users\User\AppData\Local\GitHubDesktop\bin;C:\Users\User\Desktop\OSPanel\modules\php\PHP_7.3-x64;C:\Users\User\.dotnet\tools;C:\Program Files\Azure Data Studio\bin;C:\Program Files (x86)\BrowserStackLocal\;C:\Program Files\OpenSSL-Win64\bin;

Yarn version: 
  1.22.11

Node version: 
  12.16.1

Platform: 
  win32 x64

Trace: 
  Error: getaddrinfo ENOTFOUND registry.yarnpkg.com
      at GetAddrInfoReqWrap.onlookup [as oncomplete] (dns.js:64:26)

npm manifest: 
  {
    "dependencies": {
      "flow-adaptive": "^1.2.0",
      "isotope-layout": "^3.0.6"
    }
  }

yarn manifest: 
  No manifest

Lockfile: 
  # THIS IS AN AUTOGENERATED FILE. DO NOT EDIT THIS FILE DIRECTLY.
  # yarn lockfile v1
  
  
  desandro-matches-selector@^2.0.0:
    version "2.0.2"
    resolved "https://registry.yarnpkg.com/desandro-matches-selector/-/desandro-matches-selector-2.0.2.tgz#717beed4dc13e7d8f3762f707a6d58a6774218e1"
    integrity sha1-cXvu1NwT59jzdi9wem1YpndCGOE=
  
  ev-emitter@^1.0.0:
    version "1.1.1"
    resolved "https://registry.yarnpkg.com/ev-emitter/-/ev-emitter-1.1.1.tgz#8f18b0ce5c76a5d18017f71c0a795c65b9138f2a"
    integrity sha512-ipiDYhdQSCZ4hSbX4rMW+XzNKMD1prg/sTvoVmSLkuQ1MVlwjJQQA+sW8tMYR3BLUr9KjodFV4pvzunvRhd33Q==
  
  fizzy-ui-utils@^2.0.0, fizzy-ui-utils@^2.0.4:
    version "2.0.7"
    resolved "https://registry.yarnpkg.com/fizzy-ui-utils/-/fizzy-ui-utils-2.0.7.tgz#7df45dcc4eb374a08b65d39bb9a4beedf7330505"
    integrity sha512-CZXDVXQ1If3/r8s0T+v+qVeMshhfcuq0rqIFgJnrtd+Bu8GmDmqMjntjUePypVtjHXKJ6V4sw9zeyox34n9aCg==
    dependencies:
      desandro-matches-selector "^2.0.0"
  
  flow-adaptive@^1.2.0:
    version "1.2.0"
    resolved "https://registry.yarnpkg.com/flow-adaptive/-/flow-adaptive-1.2.0.tgz#5a6a079bbb940b59626a70b1d049930aed23877f"
    integrity sha512-KZ6wlfxUPAxrDLROClXPfB9kYBwxj+puKytAwOehZ3c39ZHeNX1tIQgqH98UyBPRFvuORycxN4d73VDOJaMPZA==
  
  get-size@^2.0.0, get-size@^2.0.2:
    version "2.0.3"
    resolved "https://registry.yarnpkg.com/get-size/-/get-size-2.0.3.tgz#54a1d0256b20ea7ac646516756202769941ad2ef"
    integrity sha512-lXNzT/h/dTjTxRbm9BXb+SGxxzkm97h/PCIKtlN/CBCxxmkkIVV21udumMS93MuVTDX583gqc94v3RjuHmI+2Q==
  
  isotope-layout@^3.0.6:
    version "3.0.6"
    resolved "https://registry.yarnpkg.com/isotope-layout/-/isotope-layout-3.0.6.tgz#d5636ec74d68e7e88fa5166fe6396858db00f432"
    integrity sha512-z2ZKablhocXhoNyWwzJPFd7u7FWbYbVJA51Nvsqsod8jH2ExGc1SwDsSWKE54e3PhXzqf2yZPhFSq/c2MR1arw==
    dependencies:
      desandro-matches-selector "^2.0.0"
      fizzy-ui-utils "^2.0.4"
      get-size "^2.0.0"
      masonry-layout "^4.1.0"
      outlayer "^2.1.0"
  
  masonry-layout@^4.1.0:
    version "4.2.2"
    resolved "https://registry.yarnpkg.com/masonry-layout/-/masonry-layout-4.2.2.tgz#d57b44af13e601bfcdc423f1dd8348b5524de348"
    integrity sha512-iGtAlrpHNyxaR19CvKC3npnEcAwszXoyJiI8ARV2ePi7fmYhIud25MHK8Zx4P0LCC4d3TNO9+rFa1KoK1OEOaA==
    dependencies:
      get-size "^2.0.2"
      outlayer "^2.1.0"
  
  outlayer@^2.1.0:
    version "2.1.1"
    resolved "https://registry.yarnpkg.com/outlayer/-/outlayer-2.1.1.tgz#29863b6de10ea5dadfffcadfa0d728907387e9a2"
    integrity sha1-KYY7beEOpdrf/8rfoNcokHOH6aI=
    dependencies:
      ev-emitter "^1.0.0"
      fizzy-ui-utils "^2.0.0"
      get-size "^2.0.2"
